[debug] [2025-07-01T15:22:27.455Z] ----------------------------------------------------------------------
[debug] [2025-07-01T15:22:27.457Z] Command:       C:\Program Files\nodejs\node.exe C:\Users\admin\AppData\Roaming\npm\node_modules\firebase-tools\lib\bin\firebase.js emulators:start --only functions
[debug] [2025-07-01T15:22:27.457Z] CLI Version:   14.9.0
[debug] [2025-07-01T15:22:27.457Z] Platform:      win32
[debug] [2025-07-01T15:22:27.457Z] Node Version:  v22.14.0
[debug] [2025-07-01T15:22:27.458Z] Time:          Tue Jul 01 2025 20:52:27 GMT+0530 (India Standard Time)
[debug] [2025-07-01T15:22:27.458Z] ----------------------------------------------------------------------
[debug] 
[debug] [2025-07-01T15:22:27.668Z] > command requires scopes: ["email","openid","https://www.googleapis.com/auth/cloudplatformprojects.readonly","https://www.googleapis.com/auth/firebase","https://www.googleapis.com/auth/cloud-platform"]
[debug] [2025-07-01T15:22:27.668Z] > authorizing via signed-in user (thayanithi452004@gmail.com)
[info] i  emulators: Starting emulators: functions {"metadata":{"emulator":{"name":"hub"},"message":"Starting emulators: functions"}}
[debug] [2025-07-01T15:22:27.677Z] [logging] Logging Emulator only supports listening on one address (127.0.0.1). Not listening on ::1
[debug] [2025-07-01T15:22:27.677Z] assigned listening specs for emulators {"user":{"hub":[{"address":"127.0.0.1","family":"IPv4","port":4400},{"address":"::1","family":"IPv6","port":4400}],"ui":[{"address":"127.0.0.1","family":"IPv4","port":4000},{"address":"::1","family":"IPv6","port":4000}],"logging":[{"address":"127.0.0.1","family":"IPv4","port":4500}]},"metadata":{"message":"assigned listening specs for emulators"}}
[debug] [2025-07-01T15:22:27.682Z] [hub] writing locator at C:\Users\admin\AppData\Local\Temp\hub-sharedlib-bc490.json
[debug] [2025-07-01T15:22:27.704Z] [functions] Functions Emulator only supports listening on one address (127.0.0.1). Not listening on ::1
[debug] [2025-07-01T15:22:27.704Z] [eventarc] Eventarc Emulator only supports listening on one address (127.0.0.1). Not listening on ::1
[debug] [2025-07-01T15:22:27.704Z] [tasks] Cloud Tasks Emulator only supports listening on one address (127.0.0.1). Not listening on ::1
[debug] [2025-07-01T15:22:27.704Z] late-assigned ports for functions and eventarc emulators {"user":{"hub":[{"address":"127.0.0.1","family":"IPv4","port":4400},{"address":"::1","family":"IPv6","port":4400}],"ui":[{"address":"127.0.0.1","family":"IPv4","port":4000},{"address":"::1","family":"IPv6","port":4000}],"logging":[{"address":"127.0.0.1","family":"IPv4","port":4500}],"functions":[{"address":"127.0.0.1","family":"IPv4","port":5001}],"eventarc":[{"address":"127.0.0.1","family":"IPv4","port":9299}],"tasks":[{"address":"127.0.0.1","family":"IPv4","port":9499}]},"metadata":{"message":"late-assigned ports for functions and eventarc emulators"}}
[warn] !  functions: The following emulators are not running, calls to these services from the Functions emulator will affect production: apphosting, auth, firestore, database, hosting, pubsub, storage, dataconnect {"metadata":{"emulator":{"name":"functions"},"message":"The following emulators are not running, calls to these services from the Functions emulator will affect production: \u001b[1mapphosting, auth, firestore, database, hosting, pubsub, storage, dataconnect\u001b[22m"}}
[debug] [2025-07-01T15:22:27.732Z] defaultcredentials: writing to file C:\Users\admin\AppData\Roaming\firebase\thayanithi452004_gmail_com_application_default_credentials.json
[debug] [2025-07-01T15:22:27.734Z] Setting GAC to C:\Users\admin\AppData\Roaming\firebase\thayanithi452004_gmail_com_application_default_credentials.json {"metadata":{"emulator":{"name":"functions"},"message":"Setting GAC to C:\\Users\\admin\\AppData\\Roaming\\firebase\\thayanithi452004_gmail_com_application_default_credentials.json"}}
[debug] [2025-07-01T15:22:27.736Z] Checked if tokens are valid: false, expires at: 1751383524456
[debug] [2025-07-01T15:22:27.736Z] Checked if tokens are valid: false, expires at: 1751383524456
[debug] [2025-07-01T15:22:27.737Z] > refreshing access token with scopes: []
[debug] [2025-07-01T15:22:27.738Z] >>> [apiv2][query] POST https://www.googleapis.com/oauth2/v3/token [none]
[debug] [2025-07-01T15:22:27.738Z] >>> [apiv2][body] POST https://www.googleapis.com/oauth2/v3/token [omitted]
[debug] [2025-07-01T15:22:28.574Z] <<< [apiv2][status] POST https://www.googleapis.com/oauth2/v3/token 200
[debug] [2025-07-01T15:22:28.574Z] <<< [apiv2][body] POST https://www.googleapis.com/oauth2/v3/token [omitted]
[debug] [2025-07-01T15:22:28.585Z] >>> [apiv2][query] GET https://firebase.googleapis.com/v1beta1/projects/sharedlib-bc490/adminSdkConfig [none]
[debug] [2025-07-01T15:22:29.388Z] <<< [apiv2][status] GET https://firebase.googleapis.com/v1beta1/projects/sharedlib-bc490/adminSdkConfig 200
[debug] [2025-07-01T15:22:29.389Z] <<< [apiv2][body] GET https://firebase.googleapis.com/v1beta1/projects/sharedlib-bc490/adminSdkConfig {"projectId":"sharedlib-bc490","storageBucket":"sharedlib-bc490.firebasestorage.app"}
[info] i  functions: Watching "D:\ShareLib\functions" for Cloud Functions... {"metadata":{"emulator":{"name":"functions"},"message":"Watching \"D:\\ShareLib\\functions\" for Cloud Functions..."}}
[debug] [2025-07-01T15:22:29.421Z] Validating nodejs source
[debug] [2025-07-01T15:22:30.750Z] > [functions] package.json contents: {
  "name": "functions",
  "description": "Cloud Functions for Firebase",
  "scripts": {
    "lint": "eslint .",
    "serve": "firebase emulators:start --only functions",
    "shell": "firebase functions:shell",
    "start": "npm run shell",
    "deploy": "firebase deploy --only functions",
    "logs": "firebase functions:log"
  },
  "engines": {
    "node": "22"
  },
  "main": "index.js",
  "dependencies": {
    "express": "^5.1.0",
    "firebase-admin": "^12.7.0",
    "firebase-functions": "^6.0.1"
  },
  "devDependencies": {
    "eslint": "^8.15.0",
    "eslint-config-google": "^0.14.0",
    "firebase-functions-test": "^3.1.0"
  },
  "private": true
}
[debug] [2025-07-01T15:22:30.750Z] Building nodejs source
[debug] [2025-07-01T15:22:30.750Z] Failed to find version of module node: reached end of search path D:\ShareLib\functions\node_modules
[info] +  functions: Using node@22 from host. 
[debug] [2025-07-01T15:22:30.754Z] Could not find functions.yaml. Must use http discovery
[debug] [2025-07-01T15:22:30.759Z] Found firebase-functions binary at 'D:\ShareLib\functions\node_modules\.bin\firebase-functions'
[info] Serving at port 8659

[debug] [2025-07-01T15:22:31.443Z] Got response from /__/functions.yaml {"endpoints":{"api":{"availableMemoryMb":null,"timeoutSeconds":null,"minInstances":null,"maxInstances":10,"ingressSettings":null,"concurrency":null,"serviceAccountEmail":null,"vpc":null,"platform":"gcfv2","labels":{},"httpsTrigger":{},"entryPoint":"api"}},"specVersion":"v1alpha1","requiredAPIs":[],"extensions":{}}
[info] +  functions: Loaded functions definitions from source: api. {"metadata":{"emulator":{"name":"functions"},"message":"Loaded functions definitions from source: api."}}
[info] +  functions[us-central1-api]: http function initialized (http://127.0.0.1:5001/sharedlib-bc490/us-central1/api). {"metadata":{"emulator":{"name":"functions"},"message":"\u001b[1mhttp\u001b[22m function initialized (http://127.0.0.1:5001/sharedlib-bc490/us-central1/api)."}}
[debug] [2025-07-01T15:22:35.492Z] Could not find VSCode notification endpoint: FetchError: request to http://localhost:40001/vscode/notify failed, reason: . If you are not running the Firebase Data Connect VSCode extension, this is expected and not an issue.
[info] 
┌─────────────────────────────────────────────────────────────┐
│ ✔  All emulators ready! It is now safe to connect your app. │
│ i  View Emulator UI at http://127.0.0.1:4000/               │
└─────────────────────────────────────────────────────────────┘

┌───────────┬────────────────┬─────────────────────────────────┐
│ Emulator  │ Host:Port      │ View in Emulator UI             │
├───────────┼────────────────┼─────────────────────────────────┤
│ Functions │ 127.0.0.1:5001 │ http://127.0.0.1:4000/functions │
└───────────┴────────────────┴─────────────────────────────────┘
  Emulator Hub host: 127.0.0.1 port: 4400
  Other reserved ports: 4500

Issues? Report them at https://github.com/firebase/firebase-tools/issues and attach the *-debug.log files.
 
[debug] [2025-07-01T15:24:24.469Z] File D:\ShareLib\functions\index.js changed, reloading triggers {"metadata":{"emulator":{"name":"functions"},"message":"File D:\\ShareLib\\functions\\index.js changed, reloading triggers"}}
[debug] [2025-07-01T15:24:25.478Z] Validating nodejs source
[debug] [2025-07-01T15:24:26.784Z] > [functions] package.json contents: {
  "name": "functions",
  "description": "Cloud Functions for Firebase",
  "scripts": {
    "lint": "eslint .",
    "serve": "firebase emulators:start --only functions",
    "shell": "firebase functions:shell",
    "start": "npm run shell",
    "deploy": "firebase deploy --only functions",
    "logs": "firebase functions:log"
  },
  "engines": {
    "node": "22"
  },
  "main": "index.js",
  "dependencies": {
    "express": "^5.1.0",
    "firebase-admin": "^12.7.0",
    "firebase-functions": "^6.0.1"
  },
  "devDependencies": {
    "eslint": "^8.15.0",
    "eslint-config-google": "^0.14.0",
    "firebase-functions-test": "^3.1.0"
  },
  "private": true
}
[debug] [2025-07-01T15:24:26.784Z] Building nodejs source
[debug] [2025-07-01T15:24:26.784Z] Failed to find version of module node: reached end of search path D:\ShareLib\functions\node_modules
[info] +  functions: Using node@22 from host. 
[debug] [2025-07-01T15:24:26.785Z] Could not find functions.yaml. Must use http discovery
[debug] [2025-07-01T15:24:26.791Z] Found firebase-functions binary at 'D:\ShareLib\functions\node_modules\.bin\firebase-functions'
[info] Serving at port 8075

[debug] [2025-07-01T15:24:27.448Z] Got response from /__/functions.yaml {"endpoints":{"api":{"availableMemoryMb":null,"timeoutSeconds":null,"minInstances":null,"maxInstances":10,"ingressSettings":null,"concurrency":null,"serviceAccountEmail":null,"vpc":null,"platform":"gcfv2","labels":{},"httpsTrigger":{},"entryPoint":"api"}},"specVersion":"v1alpha1","requiredAPIs":[],"extensions":{}}
[info] +  functions: Loaded functions definitions from source: api. {"metadata":{"emulator":{"name":"functions"},"message":"Loaded functions definitions from source: api."}}
[debug] [2025-07-01T15:24:43.804Z] File D:\ShareLib\functions\api\check-email.js changed, reloading triggers {"metadata":{"emulator":{"name":"functions"},"message":"File D:\\ShareLib\\functions\\api\\check-email.js changed, reloading triggers"}}
[debug] [2025-07-01T15:24:44.818Z] Validating nodejs source
[debug] [2025-07-01T15:24:46.236Z] > [functions] package.json contents: {
  "name": "functions",
  "description": "Cloud Functions for Firebase",
  "scripts": {
    "lint": "eslint .",
    "serve": "firebase emulators:start --only functions",
    "shell": "firebase functions:shell",
    "start": "npm run shell",
    "deploy": "firebase deploy --only functions",
    "logs": "firebase functions:log"
  },
  "engines": {
    "node": "22"
  },
  "main": "index.js",
  "dependencies": {
    "express": "^5.1.0",
    "firebase-admin": "^12.7.0",
    "firebase-functions": "^6.0.1"
  },
  "devDependencies": {
    "eslint": "^8.15.0",
    "eslint-config-google": "^0.14.0",
    "firebase-functions-test": "^3.1.0"
  },
  "private": true
}
[debug] [2025-07-01T15:24:46.237Z] Building nodejs source
[debug] [2025-07-01T15:24:46.237Z] Failed to find version of module node: reached end of search path D:\ShareLib\functions\node_modules
[info] +  functions: Using node@22 from host. 
[debug] [2025-07-01T15:24:46.238Z] Could not find functions.yaml. Must use http discovery
[debug] [2025-07-01T15:24:46.245Z] Found firebase-functions binary at 'D:\ShareLib\functions\node_modules\.bin\firebase-functions'
[info] Serving at port 8030

[debug] [2025-07-01T15:24:46.852Z] Got response from /__/functions.yaml {"endpoints":{"api":{"availableMemoryMb":null,"timeoutSeconds":null,"minInstances":null,"maxInstances":10,"ingressSettings":null,"concurrency":null,"serviceAccountEmail":null,"vpc":null,"platform":"gcfv2","labels":{},"httpsTrigger":{},"entryPoint":"api"}},"specVersion":"v1alpha1","requiredAPIs":[],"extensions":{}}
[info] +  functions: Loaded functions definitions from source: api. {"metadata":{"emulator":{"name":"functions"},"message":"Loaded functions definitions from source: api."}}
[debug] [2025-07-01T15:24:56.640Z] File D:\ShareLib\functions\api\google-signin.js changed, reloading triggers {"metadata":{"emulator":{"name":"functions"},"message":"File D:\\ShareLib\\functions\\api\\google-signin.js changed, reloading triggers"}}
[debug] [2025-07-01T15:24:57.653Z] Validating nodejs source
[debug] [2025-07-01T15:24:59.952Z] > [functions] package.json contents: {
  "name": "functions",
  "description": "Cloud Functions for Firebase",
  "scripts": {
    "lint": "eslint .",
    "serve": "firebase emulators:start --only functions",
    "shell": "firebase functions:shell",
    "start": "npm run shell",
    "deploy": "firebase deploy --only functions",
    "logs": "firebase functions:log"
  },
  "engines": {
    "node": "22"
  },
  "main": "index.js",
  "dependencies": {
    "express": "^5.1.0",
    "firebase-admin": "^12.7.0",
    "firebase-functions": "^6.0.1"
  },
  "devDependencies": {
    "eslint": "^8.15.0",
    "eslint-config-google": "^0.14.0",
    "firebase-functions-test": "^3.1.0"
  },
  "private": true
}
[debug] [2025-07-01T15:24:59.953Z] Building nodejs source
[debug] [2025-07-01T15:24:59.953Z] Failed to find version of module node: reached end of search path D:\ShareLib\functions\node_modules
[info] +  functions: Using node@22 from host. 
[debug] [2025-07-01T15:24:59.954Z] Could not find functions.yaml. Must use http discovery
[debug] [2025-07-01T15:24:59.960Z] Found firebase-functions binary at 'D:\ShareLib\functions\node_modules\.bin\firebase-functions'
[info] Serving at port 8349

[debug] [2025-07-01T15:25:00.631Z] Got response from /__/functions.yaml {"endpoints":{"api":{"availableMemoryMb":null,"timeoutSeconds":null,"minInstances":null,"maxInstances":10,"ingressSettings":null,"concurrency":null,"serviceAccountEmail":null,"vpc":null,"platform":"gcfv2","labels":{},"httpsTrigger":{},"entryPoint":"api"}},"specVersion":"v1alpha1","requiredAPIs":[],"extensions":{}}
[info] +  functions: Loaded functions definitions from source: api. {"metadata":{"emulator":{"name":"functions"},"message":"Loaded functions definitions from source: api."}}
[debug] [2025-07-01T15:25:17.697Z] File D:\ShareLib\functions\api\signup.js changed, reloading triggers {"metadata":{"emulator":{"name":"functions"},"message":"File D:\\ShareLib\\functions\\api\\signup.js changed, reloading triggers"}}
[debug] [2025-07-01T15:25:18.705Z] Validating nodejs source
[debug] [2025-07-01T15:25:20.237Z] > [functions] package.json contents: {
  "name": "functions",
  "description": "Cloud Functions for Firebase",
  "scripts": {
    "lint": "eslint .",
    "serve": "firebase emulators:start --only functions",
    "shell": "firebase functions:shell",
    "start": "npm run shell",
    "deploy": "firebase deploy --only functions",
    "logs": "firebase functions:log"
  },
  "engines": {
    "node": "22"
  },
  "main": "index.js",
  "dependencies": {
    "express": "^5.1.0",
    "firebase-admin": "^12.7.0",
    "firebase-functions": "^6.0.1"
  },
  "devDependencies": {
    "eslint": "^8.15.0",
    "eslint-config-google": "^0.14.0",
    "firebase-functions-test": "^3.1.0"
  },
  "private": true
}
[debug] [2025-07-01T15:25:20.237Z] Building nodejs source
[debug] [2025-07-01T15:25:20.237Z] Failed to find version of module node: reached end of search path D:\ShareLib\functions\node_modules
[info] +  functions: Using node@22 from host. 
[debug] [2025-07-01T15:25:20.239Z] Could not find functions.yaml. Must use http discovery
[debug] [2025-07-01T15:25:20.244Z] Found firebase-functions binary at 'D:\ShareLib\functions\node_modules\.bin\firebase-functions'
[info] Serving at port 8849

[debug] [2025-07-01T15:25:21.069Z] Got response from /__/functions.yaml {"endpoints":{"api":{"availableMemoryMb":null,"timeoutSeconds":null,"minInstances":null,"maxInstances":10,"ingressSettings":null,"concurrency":null,"serviceAccountEmail":null,"vpc":null,"platform":"gcfv2","labels":{},"httpsTrigger":{},"entryPoint":"api"}},"specVersion":"v1alpha1","requiredAPIs":[],"extensions":{}}
[info] +  functions: Loaded functions definitions from source: api. {"metadata":{"emulator":{"name":"functions"},"message":"Loaded functions definitions from source: api."}}
